time="2023-11-29T19:28:41.409096793Z" level=info msg="Starting Dapr Runtime -- version 1.12.2 -- commit f954254ed520409602024ea6d507d0405afa1f07" app_id=parking-api instance=6c289f7a188b scope=dapr.runtime type=log ver=1.12.2
time="2023-11-29T19:28:41.409190091Z" level=info msg="Log level set to: debug" app_id=parking-api instance=6c289f7a188b scope=dapr.runtime type=log ver=1.12.2
time="2023-11-29T19:28:41.409604838Z" level=warning msg="mTLS is disabled. Skipping certificate request and tls validation" app_id=parking-api instance=6c289f7a188b scope=dapr.runtime.security type=log ver=1.12.2
time="2023-11-29T19:28:41.413178566Z" level=debug msg="Loading config from file(s): /configuration/sxsystemsdapr-config.yaml" app_id=parking-api instance=6c289f7a188b scope=dapr.runtime type=log ver=1.12.2
time="2023-11-29T19:28:41.49577315Z" level=warning msg="A non-YAML resiliency file sxsystemsdapr-secrets.json was detected, it will not be loaded" app_id=parking-api instance=6c289f7a188b scope=dapr.runtime type=log ver=1.12.2
time="2023-11-29T19:28:41.559567106Z" level=debug msg="Found 0 resiliency configurations in resources path" app_id=parking-api instance=6c289f7a188b scope=dapr.runtime type=log ver=1.12.2
time="2023-11-29T19:28:41.559989948Z" level=info msg="standalone mode configured" app_id=parking-api instance=6c289f7a188b scope=dapr.runtime type=log ver=1.12.2
time="2023-11-29T19:28:41.560071884Z" level=info msg="app id: parking-api" app_id=parking-api instance=6c289f7a188b scope=dapr.runtime type=log ver=1.12.2
time="2023-11-29T19:28:41.560219425Z" level=info msg="Dapr trace sampler initialized: DaprTraceSampler(P=1.000000)" app_id=parking-api instance=6c289f7a188b scope=dapr.runtime type=log ver=1.12.2
time="2023-11-29T19:28:41.56002548Z" level=info msg="metrics server started on :9090/" app_id=parking-api instance=6c289f7a188b scope=dapr.runtime type=log ver=1.12.2
time="2023-11-29T19:28:41.560787707Z" level=info msg="local service entry announced: parking-api -> 172.23.0.12:48071" app_id=parking-api component="mdns (nameResolution/v1)" instance=6c289f7a188b scope=dapr.contrib type=log ver=1.12.2
time="2023-11-29T19:28:41.560827473Z" level=info msg="Initialized name resolution to mdns" app_id=parking-api instance=6c289f7a188b scope=dapr.runtime type=log ver=1.12.2
time="2023-11-29T19:28:41.561045518Z" level=info msg="Loading components…" app_id=parking-api instance=6c289f7a188b scope=dapr.runtime type=log ver=1.12.2
time="2023-11-29T19:28:41.597202871Z" level=warning msg="A non-YAML Component file sxsystemsdapr-secrets.json was detected, it will not be loaded" app_id=parking-api instance=6c289f7a188b scope=dapr.runtime.components type=log ver=1.12.2
time="2023-11-29T19:28:41.625161296Z" level=debug msg="Found component: sxsystemsdapr-secretstore (secretstores.local.file/v1)" app_id=parking-api instance=6c289f7a188b scope=dapr.runtime type=log ver=1.12.2
time="2023-11-29T19:28:41.625262459Z" level=debug msg="Found component: sx-pubsub (pubsub.rabbitmq/v1)" app_id=parking-api instance=6c289f7a188b scope=dapr.runtime type=log ver=1.12.2
time="2023-11-29T19:28:41.625311553Z" level=debug msg="Loading component: sxsystemsdapr-secretstore (secretstores.local.file/v1)" app_id=parking-api instance=6c289f7a188b scope=dapr.runtime type=log ver=1.12.2
time="2023-11-29T19:28:41.635878821Z" level=info msg="Component loaded: sxsystemsdapr-secretstore (secretstores.local.file/v1)" app_id=parking-api instance=6c289f7a188b scope=dapr.runtime type=log ver=1.12.2
time="2023-11-29T19:28:41.635939887Z" level=debug msg="Loading component: sx-pubsub (pubsub.rabbitmq/v1)" app_id=parking-api instance=6c289f7a188b scope=dapr.runtime type=log ver=1.12.2
time="2023-11-29T19:28:41.635997056Z" level=warning msg="[DEPRECATION NOTICE] The 'host' argument is deprecated. Use 'connectionString' or individual connection arguments instead: https://docs.dapr.io/reference/components-reference/supported-pubsub/setup-rabbitmq/" app_id=parking-api component="sx-pubsub (pubsub.rabbitmq/v1)" instance=6c289f7a188b scope=dapr.contrib type=log ver=1.12.2
time="2023-11-29T19:28:41.636185285Z" level=info msg="rabbitmq pub/sub: connectionCount: current=0 reference=0" app_id=parking-api component="sx-pubsub (pubsub.rabbitmq/v1)" instance=6c289f7a188b scope=dapr.contrib type=log ver=1.12.2
time="2023-11-29T19:28:41.636454833Z" level=debug msg="Found component: sxsystems-statestore (state.redis/v1)" app_id=parking-api instance=6c289f7a188b scope=dapr.runtime type=log ver=1.12.2
time="2023-11-29T19:28:41.637078015Z" level=error msg="Failed to init component sx-pubsub: [INIT_COMPONENT_FAILURE]: initialization error occurred for sx-pubsub (pubsub.rabbitmq/v1): dial tcp 172.23.0.14:5672: connect: connection refused" app_id=parking-api instance=6c289f7a188b scope=dapr.runtime type=log ver=1.12.2
time="2023-11-29T19:28:41.637136747Z" level=warning msg="Error processing component, daprd process will exit gracefully" app_id=parking-api instance=6c289f7a188b scope=dapr.runtime type=log ver=1.12.2
time="2023-11-29T19:28:41.637179408Z" level=info msg="Waiting for all outstanding components to be processed…" app_id=parking-api instance=6c289f7a188b scope=dapr.runtime type=log ver=1.12.2
time="2023-11-29T19:28:41.63720104Z" level=info msg="Loading endpoints…" app_id=parking-api instance=6c289f7a188b scope=dapr.runtime type=log ver=1.12.2
time="2023-11-29T19:28:41.667621798Z" level=warning msg="A non-YAML HTTPEndpoint file sxsystemsdapr-secrets.json was detected, it will not be loaded" app_id=parking-api instance=6c289f7a188b scope=dapr.runtime.components type=log ver=1.12.2
time="2023-11-29T19:28:41.704291312Z" level=info msg="Waiting for all outstanding http endpoints to be processed…" app_id=parking-api instance=6c289f7a188b scope=dapr.runtime type=log ver=1.12.2
time="2023-11-29T19:28:41.704347289Z" level=debug msg="Refreshing channels" app_id=parking-api instance=6c289f7a188b scope=dapr.runtime.channels type=log ver=1.12.2
time="2023-11-29T19:28:41.704375833Z" level=debug msg="Channels refreshed" app_id=parking-api instance=6c289f7a188b scope=dapr.runtime.channels type=log ver=1.12.2
time="2023-11-29T19:28:41.704520719Z" level=info msg="gRPC server listening on TCP address: :50001" app_id=parking-api instance=6c289f7a188b scope=dapr.runtime.grpc.api type=log ver=1.12.2
time="2023-11-29T19:28:41.704543332Z" level=info msg="Enabled gRPC tracing middleware" app_id=parking-api instance=6c289f7a188b scope=dapr.runtime.grpc.api type=log ver=1.12.2
time="2023-11-29T19:28:41.704554794Z" level=info msg="Enabled gRPC metrics middleware" app_id=parking-api instance=6c289f7a188b scope=dapr.runtime.grpc.api type=log ver=1.12.2
time="2023-11-29T19:28:41.704735579Z" level=info msg="Registering workflow engine for gRPC endpoint: [::]:50001" app_id=parking-api instance=6c289f7a188b scope=dapr.runtime.grpc.api type=log ver=1.12.2
time="2023-11-29T19:28:41.704806914Z" level=info msg="API gRPC server is running on port 50001" app_id=parking-api instance=6c289f7a188b scope=dapr.runtime type=log ver=1.12.2
time="2023-11-29T19:28:41.70488831Z" level=info msg="Enabled max body size HTTP middleware with size 4 MB" app_id=parking-api instance=6c289f7a188b scope=dapr.runtime.http type=log ver=1.12.2
time="2023-11-29T19:28:41.704950147Z" level=info msg="Enabled tracing HTTP middleware" app_id=parking-api instance=6c289f7a188b scope=dapr.runtime.http type=log ver=1.12.2
time="2023-11-29T19:28:41.704966599Z" level=info msg="Enabled metrics HTTP middleware" app_id=parking-api instance=6c289f7a188b scope=dapr.runtime.http type=log ver=1.12.2
time="2023-11-29T19:28:41.705444559Z" level=info msg="HTTP server listening on TCP address: :3500" app_id=parking-api instance=6c289f7a188b scope=dapr.runtime.http type=log ver=1.12.2
time="2023-11-29T19:28:41.705542496Z" level=info msg="HTTP server is running on port 3500" app_id=parking-api instance=6c289f7a188b scope=dapr.runtime type=log ver=1.12.2
time="2023-11-29T19:28:41.705559919Z" level=info msg="The request body size parameter is: 4" app_id=parking-api instance=6c289f7a188b scope=dapr.runtime type=log ver=1.12.2
time="2023-11-29T19:28:41.705642556Z" level=info msg="gRPC server listening on TCP address: :48071" app_id=parking-api instance=6c289f7a188b scope=dapr.runtime.grpc.internal type=log ver=1.12.2
time="2023-11-29T19:28:41.705718742Z" level=info msg="Enabled gRPC tracing middleware" app_id=parking-api instance=6c289f7a188b scope=dapr.runtime.grpc.internal type=log ver=1.12.2
time="2023-11-29T19:28:41.705729211Z" level=info msg="Enabled gRPC metrics middleware" app_id=parking-api instance=6c289f7a188b scope=dapr.runtime.grpc.internal type=log ver=1.12.2
time="2023-11-29T19:28:41.705788224Z" level=info msg="Internal gRPC server is running on port 48071" app_id=parking-api instance=6c289f7a188b scope=dapr.runtime type=log ver=1.12.2
time="2023-11-29T19:28:41.705963227Z" level=info msg="application protocol: http. waiting on port 80.  This will block until the app is listening on that port." app_id=parking-api instance=6c289f7a188b scope=dapr.runtime type=log ver=1.12.2
time="2023-11-29T19:28:41.706292434Z" level=debug msg="Graceful shutdown timeout: 5s" app_id=parking-api instance=6c289f7a188b scope=dapr.concurrency.closer type=log ver=1.12.2
time="2023-11-29T19:28:41.706352409Z" level=info msg="Dapr is shutting down" app_id=parking-api instance=6c289f7a188b scope=dapr.runtime type=log ver=1.12.2
time="2023-11-29T19:28:41.706392084Z" level=info msg="Shutting down component sxsystemsdapr-secretstore (secretstores.local.file/v1)" app_id=parking-api instance=6c289f7a188b scope=dapr.runtime type=log ver=1.12.2
time="2023-11-29T19:28:41.706419647Z" level=info msg="Dapr runtime stopped" app_id=parking-api instance=6c289f7a188b scope=dapr.runtime type=log ver=1.12.2
time="2023-11-29T19:28:41.70647921Z" level=info msg="Shutting down workflow engine" app_id=parking-api instance=6c289f7a188b scope=dapr.runtime type=log ver=1.12.2
time="2023-11-29T19:28:41.706586635Z" level=debug msg="stopping cache refreshes" app_id=parking-api component="mdns (nameResolution/v1)" instance=6c289f7a188b scope=dapr.contrib type=log ver=1.12.2
time="2023-11-29T19:28:41.706912225Z" level=info msg="Closing HTTP server [::]:3500…" app_id=parking-api instance=6c289f7a188b scope=dapr.runtime.http type=log ver=1.12.2
time="2023-11-29T19:28:41.707086658Z" level=debug msg="received done signal, shutting down…" app_id=parking-api component="mdns (nameResolution/v1)" instance=6c289f7a188b scope=dapr.contrib type=log ver=1.12.2
time="2023-11-29T19:28:41.707123177Z" level=info msg="stopping mDNS server for app id: parking-api" app_id=parking-api component="mdns (nameResolution/v1)" instance=6c289f7a188b scope=dapr.contrib type=log ver=1.12.2
time="2023-11-29T19:28:41.707586901Z" level=fatal msg="Fatal error from runtime: process component sx-pubsub error: [INIT_COMPONENT_FAILURE]: initialization error occurred for sx-pubsub (pubsub.rabbitmq/v1): [INIT_COMPONENT_FAILURE]: initialization error occurred for sx-pubsub (pubsub.rabbitmq/v1): dial tcp 172.23.0.14:5672: connect: connection refused" app_id=parking-api instance=6c289f7a188b scope=dapr.runtime type=log ver=1.12.2
time="2023-11-29T19:29:38.061836726Z" level=info msg="Starting Dapr Runtime -- version 1.12.2 -- commit f954254ed520409602024ea6d507d0405afa1f07" app_id=parking-api instance=6c289f7a188b scope=dapr.runtime type=log ver=1.12.2
time="2023-11-29T19:29:38.061966814Z" level=info msg="Log level set to: debug" app_id=parking-api instance=6c289f7a188b scope=dapr.runtime type=log ver=1.12.2
time="2023-11-29T19:29:38.062891991Z" level=warning msg="mTLS is disabled. Skipping certificate request and tls validation" app_id=parking-api instance=6c289f7a188b scope=dapr.runtime.security type=log ver=1.12.2
time="2023-11-29T19:29:38.065122009Z" level=debug msg="Loading config from file(s): /configuration/sxsystemsdapr-config.yaml" app_id=parking-api instance=6c289f7a188b scope=dapr.runtime type=log ver=1.12.2
time="2023-11-29T19:29:38.094060329Z" level=warning msg="A non-YAML resiliency file sxsystemsdapr-secrets.json was detected, it will not be loaded" app_id=parking-api instance=6c289f7a188b scope=dapr.runtime type=log ver=1.12.2
time="2023-11-29T19:29:38.110109955Z" level=debug msg="Found 0 resiliency configurations in resources path" app_id=parking-api instance=6c289f7a188b scope=dapr.runtime type=log ver=1.12.2
time="2023-11-29T19:29:38.111683598Z" level=info msg="standalone mode configured" app_id=parking-api instance=6c289f7a188b scope=dapr.runtime type=log ver=1.12.2
time="2023-11-29T19:29:38.112321203Z" level=info msg="app id: parking-api" app_id=parking-api instance=6c289f7a188b scope=dapr.runtime type=log ver=1.12.2
time="2023-11-29T19:29:38.112700466Z" level=info msg="Dapr trace sampler initialized: DaprTraceSampler(P=1.000000)" app_id=parking-api instance=6c289f7a188b scope=dapr.runtime type=log ver=1.12.2
time="2023-11-29T19:29:38.111868635Z" level=info msg="metrics server started on :9090/" app_id=parking-api instance=6c289f7a188b scope=dapr.runtime type=log ver=1.12.2
time="2023-11-29T19:29:38.114799775Z" level=info msg="local service entry announced: parking-api -> 172.23.0.12:48071" app_id=parking-api component="mdns (nameResolution/v1)" instance=6c289f7a188b scope=dapr.contrib type=log ver=1.12.2
time="2023-11-29T19:29:38.115058398Z" level=info msg="Initialized name resolution to mdns" app_id=parking-api instance=6c289f7a188b scope=dapr.runtime type=log ver=1.12.2
time="2023-11-29T19:29:38.11597597Z" level=info msg="Loading components…" app_id=parking-api instance=6c289f7a188b scope=dapr.runtime type=log ver=1.12.2
time="2023-11-29T19:29:38.140835277Z" level=warning msg="A non-YAML Component file sxsystemsdapr-secrets.json was detected, it will not be loaded" app_id=parking-api instance=6c289f7a188b scope=dapr.runtime.components type=log ver=1.12.2
time="2023-11-29T19:29:38.17639083Z" level=debug msg="Found component: sxsystemsdapr-secretstore (secretstores.local.file/v1)" app_id=parking-api instance=6c289f7a188b scope=dapr.runtime type=log ver=1.12.2
time="2023-11-29T19:29:38.176504617Z" level=debug msg="Found component: sx-pubsub (pubsub.rabbitmq/v1)" app_id=parking-api instance=6c289f7a188b scope=dapr.runtime type=log ver=1.12.2
time="2023-11-29T19:29:38.176663369Z" level=debug msg="Loading component: sxsystemsdapr-secretstore (secretstores.local.file/v1)" app_id=parking-api instance=6c289f7a188b scope=dapr.runtime type=log ver=1.12.2
time="2023-11-29T19:29:38.182378417Z" level=info msg="Component loaded: sxsystemsdapr-secretstore (secretstores.local.file/v1)" app_id=parking-api instance=6c289f7a188b scope=dapr.runtime type=log ver=1.12.2
time="2023-11-29T19:29:38.18247438Z" level=debug msg="Loading component: sx-pubsub (pubsub.rabbitmq/v1)" app_id=parking-api instance=6c289f7a188b scope=dapr.runtime type=log ver=1.12.2
time="2023-11-29T19:29:38.182536097Z" level=warning msg="[DEPRECATION NOTICE] The 'host' argument is deprecated. Use 'connectionString' or individual connection arguments instead: https://docs.dapr.io/reference/components-reference/supported-pubsub/setup-rabbitmq/" app_id=parking-api component="sx-pubsub (pubsub.rabbitmq/v1)" instance=6c289f7a188b scope=dapr.contrib type=log ver=1.12.2
time="2023-11-29T19:29:38.182754854Z" level=info msg="rabbitmq pub/sub: connectionCount: current=0 reference=0" app_id=parking-api component="sx-pubsub (pubsub.rabbitmq/v1)" instance=6c289f7a188b scope=dapr.contrib type=log ver=1.12.2
time="2023-11-29T19:29:38.183103631Z" level=debug msg="Found component: sxsystems-statestore (state.redis/v1)" app_id=parking-api instance=6c289f7a188b scope=dapr.runtime type=log ver=1.12.2
time="2023-11-29T19:29:38.204862932Z" level=info msg="rabbitmq pub/sub: connected with connectionCount=1" app_id=parking-api component="sx-pubsub (pubsub.rabbitmq/v1)" instance=6c289f7a188b scope=dapr.contrib type=log ver=1.12.2
time="2023-11-29T19:29:38.205966371Z" level=info msg="Component loaded: sx-pubsub (pubsub.rabbitmq/v1)" app_id=parking-api instance=6c289f7a188b scope=dapr.runtime type=log ver=1.12.2
time="2023-11-29T19:29:38.206110596Z" level=debug msg="Loading component: sxsystems-statestore (state.redis/v1)" app_id=parking-api instance=6c289f7a188b scope=dapr.runtime type=log ver=1.12.2
time="2023-11-29T19:29:38.206133981Z" level=error msg="Error getting secret: secret State.RedisPassword not found" app_id=parking-api instance=6c289f7a188b scope=dapr.runtime type=log ver=1.12.2
time="2023-11-29T19:29:38.206489012Z" level=info msg="Waiting for all outstanding components to be processed…" app_id=parking-api instance=6c289f7a188b scope=dapr.runtime type=log ver=1.12.2
time="2023-11-29T19:29:38.21598296Z" level=info msg="Using 'sxsystems-statestore' as actor state store" app_id=parking-api instance=6c289f7a188b scope=dapr.runtime.processor.state type=log ver=1.12.2
time="2023-11-29T19:29:38.216112437Z" level=info msg="Component loaded: sxsystems-statestore (state.redis/v1)" app_id=parking-api instance=6c289f7a188b scope=dapr.runtime type=log ver=1.12.2
time="2023-11-29T19:29:38.216147053Z" level=info msg="All outstanding components processed" app_id=parking-api instance=6c289f7a188b scope=dapr.runtime type=log ver=1.12.2
time="2023-11-29T19:29:38.216162893Z" level=info msg="Loading endpoints…" app_id=parking-api instance=6c289f7a188b scope=dapr.runtime type=log ver=1.12.2
time="2023-11-29T19:29:38.237152065Z" level=warning msg="A non-YAML HTTPEndpoint file sxsystemsdapr-secrets.json was detected, it will not be loaded" app_id=parking-api instance=6c289f7a188b scope=dapr.runtime.components type=log ver=1.12.2
time="2023-11-29T19:29:38.256219093Z" level=info msg="Waiting for all outstanding http endpoints to be processed…" app_id=parking-api instance=6c289f7a188b scope=dapr.runtime type=log ver=1.12.2
time="2023-11-29T19:29:38.256376162Z" level=info msg="All outstanding http endpoints processed" app_id=parking-api instance=6c289f7a188b scope=dapr.runtime type=log ver=1.12.2
time="2023-11-29T19:29:38.256397884Z" level=debug msg="Refreshing channels" app_id=parking-api instance=6c289f7a188b scope=dapr.runtime.channels type=log ver=1.12.2
time="2023-11-29T19:29:38.256432029Z" level=debug msg="Channels refreshed" app_id=parking-api instance=6c289f7a188b scope=dapr.runtime.channels type=log ver=1.12.2
time="2023-11-29T19:29:38.256585251Z" level=info msg="gRPC server listening on TCP address: :50001" app_id=parking-api instance=6c289f7a188b scope=dapr.runtime.grpc.api type=log ver=1.12.2
time="2023-11-29T19:29:38.256632Z" level=info msg="Enabled gRPC tracing middleware" app_id=parking-api instance=6c289f7a188b scope=dapr.runtime.grpc.api type=log ver=1.12.2
time="2023-11-29T19:29:38.256650455Z" level=info msg="Enabled gRPC metrics middleware" app_id=parking-api instance=6c289f7a188b scope=dapr.runtime.grpc.api type=log ver=1.12.2
time="2023-11-29T19:29:38.25676352Z" level=info msg="Registering workflow engine for gRPC endpoint: [::]:50001" app_id=parking-api instance=6c289f7a188b scope=dapr.runtime.grpc.api type=log ver=1.12.2
time="2023-11-29T19:29:38.256895592Z" level=info msg="API gRPC server is running on port 50001" app_id=parking-api instance=6c289f7a188b scope=dapr.runtime type=log ver=1.12.2
time="2023-11-29T19:29:38.2570415Z" level=info msg="Enabled max body size HTTP middleware with size 4 MB" app_id=parking-api instance=6c289f7a188b scope=dapr.runtime.http type=log ver=1.12.2
time="2023-11-29T19:29:38.257093549Z" level=info msg="Enabled tracing HTTP middleware" app_id=parking-api instance=6c289f7a188b scope=dapr.runtime.http type=log ver=1.12.2
time="2023-11-29T19:29:38.257111263Z" level=info msg="Enabled metrics HTTP middleware" app_id=parking-api instance=6c289f7a188b scope=dapr.runtime.http type=log ver=1.12.2
time="2023-11-29T19:29:38.258749969Z" level=info msg="HTTP server listening on TCP address: :3500" app_id=parking-api instance=6c289f7a188b scope=dapr.runtime.http type=log ver=1.12.2
time="2023-11-29T19:29:38.259558668Z" level=info msg="HTTP server is running on port 3500" app_id=parking-api instance=6c289f7a188b scope=dapr.runtime type=log ver=1.12.2
time="2023-11-29T19:29:38.259646626Z" level=info msg="The request body size parameter is: 4" app_id=parking-api instance=6c289f7a188b scope=dapr.runtime type=log ver=1.12.2
time="2023-11-29T19:29:38.259745194Z" level=info msg="gRPC server listening on TCP address: :48071" app_id=parking-api instance=6c289f7a188b scope=dapr.runtime.grpc.internal type=log ver=1.12.2
time="2023-11-29T19:29:38.259768077Z" level=info msg="Enabled gRPC tracing middleware" app_id=parking-api instance=6c289f7a188b scope=dapr.runtime.grpc.internal type=log ver=1.12.2
time="2023-11-29T19:29:38.259787003Z" level=info msg="Enabled gRPC metrics middleware" app_id=parking-api instance=6c289f7a188b scope=dapr.runtime.grpc.internal type=log ver=1.12.2
time="2023-11-29T19:29:38.259862748Z" level=info msg="Internal gRPC server is running on port 48071" app_id=parking-api instance=6c289f7a188b scope=dapr.runtime type=log ver=1.12.2
time="2023-11-29T19:29:38.260012243Z" level=info msg="application protocol: http. waiting on port 80.  This will block until the app is listening on that port." app_id=parking-api instance=6c289f7a188b scope=dapr.runtime type=log ver=1.12.2
time="2023-11-29T19:30:03.975505969Z" level=info msg="application discovered on port 80" app_id=parking-api instance=6c289f7a188b scope=dapr.runtime type=log ver=1.12.2
time="2023-11-29T19:30:04.395301877Z" level=info msg="Application configuration loaded" app_id=parking-api instance=6c289f7a188b scope=dapr.runtime type=log ver=1.12.2
time="2023-11-29T19:30:04.395656212Z" level=info msg="Actor runtime started. Actor idle timeout: 1h0m0s. Actor scan interval: 30s" app_id=parking-api instance=6c289f7a188b scope=dapr.runtime.actor type=log ver=1.12.2
time="2023-11-29T19:30:04.396039803Z" level=info msg="Configuring workflow engine with actors backend" app_id=parking-api instance=6c289f7a188b scope=dapr.runtime.wfengine type=log ver=1.12.2
time="2023-11-29T19:30:04.396162326Z" level=info msg="Registering component for dapr workflow engine..." app_id=parking-api instance=6c289f7a188b scope=dapr.runtime type=log ver=1.12.2
time="2023-11-29T19:30:04.396246547Z" level=info msg="Initializing Dapr workflow component" app_id=parking-api component="dapr (workflow.dapr/v1)" instance=6c289f7a188b scope=dapr.contrib type=log ver=1.12.2
time="2023-11-29T19:30:04.395779798Z" level=debug msg="try to connect to placement service: dns:///dapr-placement:50000" app_id=parking-api instance=6c289f7a188b scope=dapr.runtime.actors.placement type=log ver=1.12.2
time="2023-11-29T19:30:04.83150096Z" level=debug msg="app responded with subscriptions [{sx-pubsub ParkingServiceRequestSubmittedIntegrationEvent  map[] [0xc000f7c440] [] 0xc000f725b0}]" app_id=parking-api instance=6c289f7a188b scope=dapr.runtime.processor.pubsub type=log ver=1.12.2
time="2023-11-29T19:30:04.8463729Z" level=warning msg="A non-YAML pubsub file sxsystemsdapr-secrets.json was detected, it will not be loaded" app_id=parking-api instance=6c289f7a188b scope=dapr.runtime.processor.pubsub type=log ver=1.12.2
time="2023-11-29T19:30:04.856626153Z" level=info msg="app is subscribed to the following topics: [ParkingServiceRequestSubmittedIntegrationEvent] through pubsub=sx-pubsub" app_id=parking-api instance=6c289f7a188b scope=dapr.runtime.processor.pubsub type=log ver=1.12.2
time="2023-11-29T19:30:04.856728538Z" level=debug msg="subscribing to topic='ParkingServiceRequestSubmittedIntegrationEvent' on pubsub='sx-pubsub'" app_id=parking-api instance=6c289f7a188b scope=dapr.runtime.processor.pubsub type=log ver=1.12.2
time="2023-11-29T19:30:04.856776489Z" level=info msg="rabbitmq pub/sub: subscribe to topic/queue 'ParkingServiceRequestSubmittedIntegrationEvent/parking-api-ParkingServiceRequestSubmittedIntegrationEvent'" app_id=parking-api component="sx-pubsub (pubsub.rabbitmq/v1)" instance=6c289f7a188b scope=dapr.contrib type=log ver=1.12.2
time="2023-11-29T19:30:04.857095317Z" level=debug msg="rabbitmq pub/sub: declaring exchange 'ParkingServiceRequestSubmittedIntegrationEvent' of kind 'fanout'" app_id=parking-api component="sx-pubsub (pubsub.rabbitmq/v1)" instance=6c289f7a188b scope=dapr.contrib type=log ver=1.12.2
time="2023-11-29T19:30:04.85993549Z" level=info msg="rabbitmq pub/sub: declaring queue 'parking-api-ParkingServiceRequestSubmittedIntegrationEvent'" app_id=parking-api component="sx-pubsub (pubsub.rabbitmq/v1)" instance=6c289f7a188b scope=dapr.contrib type=log ver=1.12.2
time="2023-11-29T19:30:04.870164507Z" level=debug msg="rabbitmq pub/sub: binding queue 'parking-api-ParkingServiceRequestSubmittedIntegrationEvent' to exchange 'ParkingServiceRequestSubmittedIntegrationEvent' with routing key ''" app_id=parking-api component="sx-pubsub (pubsub.rabbitmq/v1)" instance=6c289f7a188b scope=dapr.contrib type=log ver=1.12.2
time="2023-11-29T19:30:04.873903505Z" level=info msg="dapr initialized. Status: Running. Init Elapsed 26763ms" app_id=parking-api instance=6c289f7a188b scope=dapr.runtime type=log ver=1.12.2
time="2023-11-29T19:30:08.115360084Z" level=debug msg="Refreshing all mDNS addresses." app_id=parking-api component="mdns (nameResolution/v1)" instance=6c289f7a188b scope=dapr.contrib type=log ver=1.12.2
time="2023-11-29T19:30:08.115487456Z" level=debug msg="no mDNS apps to refresh." app_id=parking-api component="mdns (nameResolution/v1)" instance=6c289f7a188b scope=dapr.contrib type=log ver=1.12.2
time="2023-11-29T19:30:16.421176231Z" level=debug msg="established connection to placement service at dns:///dapr-placement:50000" app_id=parking-api instance=6c289f7a188b scope=dapr.runtime.actors.placement type=log ver=1.12.2
time="2023-11-29T19:30:16.422562186Z" level=debug msg="placement order received: lock" app_id=parking-api instance=6c289f7a188b scope=dapr.runtime.actors.placement type=log ver=1.12.2
time="2023-11-29T19:30:16.422867187Z" level=debug msg="placement order received: update" app_id=parking-api instance=6c289f7a188b scope=dapr.runtime.actors.placement type=log ver=1.12.2
time="2023-11-29T19:30:16.422985422Z" level=info msg="Placement tables updated, version: 0" app_id=parking-api instance=6c289f7a188b scope=dapr.runtime.actors.placement type=log ver=1.12.2
time="2023-11-29T19:30:16.423029216Z" level=debug msg="placement order received: unlock" app_id=parking-api instance=6c289f7a188b scope=dapr.runtime.actors.placement type=log ver=1.12.2
time="2023-11-29T19:30:38.116205069Z" level=debug msg="Refreshing all mDNS addresses." app_id=parking-api component="mdns (nameResolution/v1)" instance=6c289f7a188b scope=dapr.contrib type=log ver=1.12.2
time="2023-11-29T19:30:38.116408687Z" level=debug msg="no mDNS apps to refresh." app_id=parking-api component="mdns (nameResolution/v1)" instance=6c289f7a188b scope=dapr.contrib type=log ver=1.12.2
time="2023-11-29T19:31:08.116207858Z" level=debug msg="Refreshing all mDNS addresses." app_id=parking-api component="mdns (nameResolution/v1)" instance=6c289f7a188b scope=dapr.contrib type=log ver=1.12.2
time="2023-11-29T19:31:08.116378533Z" level=debug msg="no mDNS apps to refresh." app_id=parking-api component="mdns (nameResolution/v1)" instance=6c289f7a188b scope=dapr.contrib type=log ver=1.12.2
time="2023-11-29T19:31:32.663052233Z" level=info msg="work item stream established by user-agent: [grpc-dotnet/2.52.0 (.NET 6.0.25; CLR 6.0.25; net6.0; linux; x64)]" app_id=parking-api instance=6c289f7a188b scope=dapr.runtime.wfengine type=log ver=1.12.2
time="2023-11-29T19:31:32.663789868Z" level=debug msg="Registering internal actor type: dapr.internal.default.parking-api.workflow" app_id=parking-api instance=6c289f7a188b scope=dapr.runtime.actor type=log ver=1.12.2
time="2023-11-29T19:31:32.664254073Z" level=debug msg="Registering internal actor type: dapr.internal.default.parking-api.activity" app_id=parking-api instance=6c289f7a188b scope=dapr.runtime.actor type=log ver=1.12.2
time="2023-11-29T19:31:32.665387883Z" level=info msg="worker started with backend dapr.actors/v1-alpha" app_id=parking-api instance=6c289f7a188b scope=wfengine.backend type=log ver=1.12.2
time="2023-11-29T19:31:32.666169983Z" level=info msg="Workflow engine started" app_id=parking-api instance=6c289f7a188b scope=dapr.runtime.wfengine type=log ver=1.12.2
time="2023-11-29T19:31:35.843554282Z" level=debug msg="placement order received: lock" app_id=parking-api instance=6c289f7a188b scope=dapr.runtime.actors.placement type=log ver=1.12.2
time="2023-11-29T19:31:35.854825034Z" level=debug msg="placement order received: update" app_id=parking-api instance=6c289f7a188b scope=dapr.runtime.actors.placement type=log ver=1.12.2
time="2023-11-29T19:31:35.855080481Z" level=info msg="Placement tables updated, version: 1" app_id=parking-api instance=6c289f7a188b scope=dapr.runtime.actors.placement type=log ver=1.12.2
time="2023-11-29T19:31:35.855145284Z" level=debug msg="placement order received: unlock" app_id=parking-api instance=6c289f7a188b scope=dapr.runtime.actors.placement type=log ver=1.12.2
time="2023-11-29T19:31:35.86041091Z" level=debug msg="Starting to read reminders for actor type dapr.internal.default.parking-api.workflow (migrate=true), with metadata id 00000000-0000-0000-0000-000000000000 and 0 partitions" app_id=parking-api instance=6c289f7a188b scope=dapr.runtime.actor.reminders type=log ver=1.12.2
time="2023-11-29T19:31:35.860884007Z" level=debug msg="Read reminders from actors||dapr.internal.default.parking-api.workflow without partition" app_id=parking-api instance=6c289f7a188b scope=dapr.runtime.actor.reminders type=log ver=1.12.2
time="2023-11-29T19:31:35.861035726Z" level=debug msg="Finished reading reminders for actor type dapr.internal.default.parking-api.workflow (migrate=true), with metadata id 00000000-0000-0000-0000-000000000000 and no partitions: total of 0 reminders" app_id=parking-api instance=6c289f7a188b scope=dapr.runtime.actor.reminders type=log ver=1.12.2
time="2023-11-29T19:31:35.861107462Z" level=debug msg="Loaded 0 reminders for actor type dapr.internal.default.parking-api.workflow" app_id=parking-api instance=6c289f7a188b scope=dapr.runtime.actor.reminders type=log ver=1.12.2
time="2023-11-29T19:31:35.86161531Z" level=debug msg="Starting to read reminders for actor type dapr.internal.default.parking-api.activity (migrate=true), with metadata id 00000000-0000-0000-0000-000000000000 and 0 partitions" app_id=parking-api instance=6c289f7a188b scope=dapr.runtime.actor.reminders type=log ver=1.12.2
time="2023-11-29T19:31:35.862308581Z" level=debug msg="Read reminders from actors||dapr.internal.default.parking-api.activity without partition" app_id=parking-api instance=6c289f7a188b scope=dapr.runtime.actor.reminders type=log ver=1.12.2
time="2023-11-29T19:31:35.862365369Z" level=debug msg="Finished reading reminders for actor type dapr.internal.default.parking-api.activity (migrate=true), with metadata id 00000000-0000-0000-0000-000000000000 and no partitions: total of 0 reminders" app_id=parking-api instance=6c289f7a188b scope=dapr.runtime.actor.reminders type=log ver=1.12.2
time="2023-11-29T19:31:35.862613021Z" level=debug msg="Loaded 0 reminders for actor type dapr.internal.default.parking-api.activity" app_id=parking-api instance=6c289f7a188b scope=dapr.runtime.actor.reminders type=log ver=1.12.2
time="2023-11-29T19:31:35.93500151Z" level=debug msg="invoking method 'CreateWorkflowInstance' on workflow actor '2a918567'" app_id=parking-api instance=6c289f7a188b scope=dapr.runtime.wfengine type=log ver=1.12.2
time="2023-11-29T19:31:35.935152037Z" level=debug msg="2a918567: loading workflow state" app_id=parking-api instance=6c289f7a188b scope=dapr.runtime.wfengine type=log ver=1.12.2
time="2023-11-29T19:31:35.935939606Z" level=debug msg="2a918567: creating 'start-6378da61' reminder with DueTime = 0s" app_id=parking-api instance=6c289f7a188b scope=dapr.runtime.wfengine type=log ver=1.12.2
time="2023-11-29T19:31:35.937026451Z" level=debug msg="Starting to read reminders for actor type dapr.internal.default.parking-api.workflow (migrate=false), with metadata id 00000000-0000-0000-0000-000000000000 and 0 partitions" app_id=parking-api instance=6c289f7a188b scope=dapr.runtime.actor.reminders type=log ver=1.12.2
time="2023-11-29T19:31:35.937437655Z" level=debug msg="Read reminders from actors||dapr.internal.default.parking-api.workflow without partition" app_id=parking-api instance=6c289f7a188b scope=dapr.runtime.actor.reminders type=log ver=1.12.2
time="2023-11-29T19:31:35.937569476Z" level=debug msg="Finished reading reminders for actor type dapr.internal.default.parking-api.workflow (migrate=false), with metadata id 00000000-0000-0000-0000-000000000000 and no partitions: total of 0 reminders" app_id=parking-api instance=6c289f7a188b scope=dapr.runtime.actor.reminders type=log ver=1.12.2
time="2023-11-29T19:31:35.937900078Z" level=warning msg="Redis does not support transaction rollbacks and should not be used in production as an actor state store." app_id=parking-api component="sxsystems-statestore (state.redis/v1)" instance=6c289f7a188b scope=dapr.contrib type=log ver=1.12.2
time="2023-11-29T19:31:35.949678224Z" level=debug msg="2a918567: saving 2 keys to actor state store" app_id=parking-api instance=6c289f7a188b scope=dapr.runtime.wfengine type=log ver=1.12.2
time="2023-11-29T19:31:35.950144093Z" level=debug msg="Executing reminder for actor dapr.internal.default.parking-api.workflow||2a918567||start-6378da61" app_id=parking-api instance=6c289f7a188b scope=dapr.runtime.actor type=log ver=1.12.2
time="2023-11-29T19:31:35.951079616Z" level=debug msg="invoking reminder 'start-6378da61' on workflow actor '2a918567'" app_id=parking-api instance=6c289f7a188b scope=dapr.runtime.wfengine type=log ver=1.12.2
time="2023-11-29T19:31:35.951137053Z" level=debug msg="Created new workflow instance with ID '2a918567'" app_id=parking-api component="dapr (workflow.dapr/v1)" instance=6c289f7a188b scope=dapr.contrib type=log ver=1.12.2
time="2023-11-29T19:31:35.951527689Z" level=debug msg="orchestration-processor: processing work item: 2a918567 (1 event(s))" app_id=parking-api instance=6c289f7a188b scope=wfengine.backend type=log ver=1.12.2
time="2023-11-29T19:31:35.951695138Z" level=debug msg="2a918567: received work item with 1 new event(s): [ExecutionStarted]" app_id=parking-api instance=6c289f7a188b scope=wfengine.backend type=log ver=1.12.2
time="2023-11-29T19:31:35.95180112Z" level=debug msg="2a918567: got orchestration runtime state: name=ResidentialValetParkingWorkflow, status=PENDING, events=0, age=(new)" app_id=parking-api instance=6c289f7a188b scope=wfengine.backend type=log ver=1.12.2
time="2023-11-29T19:31:35.952359326Z" level=info msg="2a918567: starting new 'ResidentialValetParkingWorkflow' instance with ID = '2a918567'." app_id=parking-api instance=6c289f7a188b scope=wfengine.backend type=log ver=1.12.2
time="2023-11-29T19:31:35.952479195Z" level=debug msg="2a918567: invoking orchestrator" app_id=parking-api instance=6c289f7a188b scope=wfengine.backend type=log ver=1.12.2
time="2023-11-29T19:31:36.786962211Z" level=debug msg="2a918567: orchestrator returned 1 action(s): [ScheduleTask#0]" app_id=parking-api instance=6c289f7a188b scope=wfengine.backend type=log ver=1.12.2
time="2023-11-29T19:31:36.787745493Z" level=debug msg="orchestration-processor: work item processed successfully" app_id=parking-api instance=6c289f7a188b scope=wfengine.backend type=log ver=1.12.2
time="2023-11-29T19:31:36.791266361Z" level=debug msg="2a918567::0::1: loading activity state" app_id=parking-api instance=6c289f7a188b scope=dapr.runtime.wfengine type=log ver=1.12.2
time="2023-11-29T19:31:36.792703299Z" level=debug msg="2a918567::0::1: creating reminder 'run-activity' for immediate execution" app_id=parking-api instance=6c289f7a188b scope=dapr.runtime.wfengine type=log ver=1.12.2
time="2023-11-29T19:31:36.793636812Z" level=debug msg="Starting to read reminders for actor type dapr.internal.default.parking-api.activity (migrate=false), with metadata id 00000000-0000-0000-0000-000000000000 and 0 partitions" app_id=parking-api instance=6c289f7a188b scope=dapr.runtime.actor.reminders type=log ver=1.12.2
time="2023-11-29T19:31:36.794183964Z" level=debug msg="Read reminders from actors||dapr.internal.default.parking-api.activity without partition" app_id=parking-api instance=6c289f7a188b scope=dapr.runtime.actor.reminders type=log ver=1.12.2
time="2023-11-29T19:31:36.794330263Z" level=debug msg="Finished reading reminders for actor type dapr.internal.default.parking-api.activity (migrate=false), with metadata id 00000000-0000-0000-0000-000000000000 and no partitions: total of 0 reminders" app_id=parking-api instance=6c289f7a188b scope=dapr.runtime.actor.reminders type=log ver=1.12.2
time="2023-11-29T19:31:36.795650163Z" level=debug msg="2a918567: saving 6 keys to actor state store" app_id=parking-api instance=6c289f7a188b scope=dapr.runtime.wfengine type=log ver=1.12.2
time="2023-11-29T19:31:36.795694207Z" level=debug msg="Executing reminder for actor dapr.internal.default.parking-api.activity||2a918567::0::1||run-activity" app_id=parking-api instance=6c289f7a188b scope=dapr.runtime.actor type=log ver=1.12.2
time="2023-11-29T19:31:36.796051097Z" level=debug msg="Invoking reminder 'run-activity' on activity actor '2a918567::0::1'" app_id=parking-api instance=6c289f7a188b scope=dapr.runtime.wfengine type=log ver=1.12.2
time="2023-11-29T19:31:36.796245537Z" level=debug msg="activity-processor: processing work item: 2a918567/NotifyNewRequestActivity#0" app_id=parking-api instance=6c289f7a188b scope=wfengine.backend type=log ver=1.12.2
time="2023-11-29T19:31:36.798488214Z" level=debug msg="Reminder dapr.internal.default.parking-api.workflow||2a918567 was canceled by the actor" app_id=parking-api instance=6c289f7a188b scope=dapr.runtime.actor type=log ver=1.12.2
time="2023-11-29T19:31:36.798592823Z" level=debug msg="Found reminder with key: dapr.internal.default.parking-api.workflow||2a918567||start-6378da61. Deleting reminder" app_id=parking-api instance=6c289f7a188b scope=dapr.runtime.actor.reminders type=log ver=1.12.2
time="2023-11-29T19:31:36.798953937Z" level=debug msg="invoking method 'GetWorkflowMetadata' on workflow actor '2a918567'" app_id=parking-api instance=6c289f7a188b scope=dapr.runtime.wfengine type=log ver=1.12.2
time="2023-11-29T19:31:36.799523426Z" level=debug msg="Starting to read reminders for actor type dapr.internal.default.parking-api.workflow (migrate=false), with metadata id 00000000-0000-0000-0000-000000000000 and 0 partitions" app_id=parking-api instance=6c289f7a188b scope=dapr.runtime.actor.reminders type=log ver=1.12.2
time="2023-11-29T19:31:36.800002118Z" level=debug msg="Read reminders from actors||dapr.internal.default.parking-api.workflow without partition" app_id=parking-api instance=6c289f7a188b scope=dapr.runtime.actor.reminders type=log ver=1.12.2
time="2023-11-29T19:31:36.800793325Z" level=debug msg="Finished reading reminders for actor type dapr.internal.default.parking-api.workflow (migrate=false), with metadata id 00000000-0000-0000-0000-000000000000 and no partitions: total of 1 reminders" app_id=parking-api instance=6c289f7a188b scope=dapr.runtime.actor.reminders type=log ver=1.12.2
time="2023-11-29T19:31:36.980140975Z" level=debug msg="invoking method 'GetWorkflowMetadata' on workflow actor '2a918567'" app_id=parking-api instance=6c289f7a188b scope=dapr.runtime.wfengine type=log ver=1.12.2
time="2023-11-29T19:31:37.017036143Z" level=debug msg="activity-processor: work item processed successfully" app_id=parking-api instance=6c289f7a188b scope=wfengine.backend type=log ver=1.12.2
time="2023-11-29T19:31:37.017378706Z" level=debug msg="invoking method 'AddWorkflowEvent' on workflow actor '2a918567'" app_id=parking-api instance=6c289f7a188b scope=dapr.runtime.wfengine type=log ver=1.12.2
time="2023-11-29T19:31:37.017486151Z" level=debug msg="2a918567: creating 'new-event-2cca222e' reminder with DueTime = 0s" app_id=parking-api instance=6c289f7a188b scope=dapr.runtime.wfengine type=log ver=1.12.2
time="2023-11-29T19:31:37.018249014Z" level=debug msg="Starting to read reminders for actor type dapr.internal.default.parking-api.workflow (migrate=false), with metadata id 00000000-0000-0000-0000-000000000000 and 0 partitions" app_id=parking-api instance=6c289f7a188b scope=dapr.runtime.actor.reminders type=log ver=1.12.2
time="2023-11-29T19:31:37.018691843Z" level=debug msg="Read reminders from actors||dapr.internal.default.parking-api.workflow without partition" app_id=parking-api instance=6c289f7a188b scope=dapr.runtime.actor.reminders type=log ver=1.12.2
time="2023-11-29T19:31:37.018893482Z" level=debug msg="Finished reading reminders for actor type dapr.internal.default.parking-api.workflow (migrate=false), with metadata id 00000000-0000-0000-0000-000000000000 and no partitions: total of 0 reminders" app_id=parking-api instance=6c289f7a188b scope=dapr.runtime.actor.reminders type=log ver=1.12.2
time="2023-11-29T19:31:37.019998202Z" level=debug msg="2a918567: saving 2 keys to actor state store" app_id=parking-api instance=6c289f7a188b scope=dapr.runtime.wfengine type=log ver=1.12.2
time="2023-11-29T19:31:37.020476778Z" level=debug msg="Executing reminder for actor dapr.internal.default.parking-api.workflow||2a918567||new-event-2cca222e" app_id=parking-api instance=6c289f7a188b scope=dapr.runtime.actor type=log ver=1.12.2
time="2023-11-29T19:31:37.020817052Z" level=debug msg="Reminder dapr.internal.default.parking-api.activity||2a918567::0::1 was canceled by the actor" app_id=parking-api instance=6c289f7a188b scope=dapr.runtime.actor type=log ver=1.12.2
time="2023-11-29T19:31:37.020746305Z" level=debug msg="invoking reminder 'new-event-2cca222e' on workflow actor '2a918567'" app_id=parking-api instance=6c289f7a188b scope=dapr.runtime.wfengine type=log ver=1.12.2
time="2023-11-29T19:31:37.020901763Z" level=debug msg="Found reminder with key: dapr.internal.default.parking-api.activity||2a918567::0::1||run-activity. Deleting reminder" app_id=parking-api instance=6c289f7a188b scope=dapr.runtime.actor.reminders type=log ver=1.12.2
time="2023-11-29T19:31:37.021521251Z" level=debug msg="Starting to read reminders for actor type dapr.internal.default.parking-api.activity (migrate=false), with metadata id 00000000-0000-0000-0000-000000000000 and 0 partitions" app_id=parking-api instance=6c289f7a188b scope=dapr.runtime.actor.reminders type=log ver=1.12.2
time="2023-11-29T19:31:37.021966411Z" level=debug msg="Read reminders from actors||dapr.internal.default.parking-api.activity without partition" app_id=parking-api instance=6c289f7a188b scope=dapr.runtime.actor.reminders type=log ver=1.12.2
time="2023-11-29T19:31:37.02218192Z" level=debug msg="Finished reading reminders for actor type dapr.internal.default.parking-api.activity (migrate=false), with metadata id 00000000-0000-0000-0000-000000000000 and no partitions: total of 1 reminders" app_id=parking-api instance=6c289f7a188b scope=dapr.runtime.actor.reminders type=log ver=1.12.2
time="2023-11-29T19:31:37.026376441Z" level=debug msg="orchestration-processor: processing work item: 2a918567 (1 event(s))" app_id=parking-api instance=6c289f7a188b scope=wfengine.backend type=log ver=1.12.2
time="2023-11-29T19:31:37.026877166Z" level=debug msg="2a918567: received work item with 1 new event(s): [TaskFailed]" app_id=parking-api instance=6c289f7a188b scope=wfengine.backend type=log ver=1.12.2
time="2023-11-29T19:31:37.026966256Z" level=debug msg="2a918567: got orchestration runtime state: name=ResidentialValetParkingWorkflow, status=RUNNING, events=3, age=1s" app_id=parking-api instance=6c289f7a188b scope=wfengine.backend type=log ver=1.12.2
time="2023-11-29T19:31:37.027035939Z" level=debug msg="2a918567: invoking orchestrator" app_id=parking-api instance=6c289f7a188b scope=wfengine.backend type=log ver=1.12.2
time="2023-11-29T19:31:37.18329291Z" level=debug msg="2a918567: orchestrator returned 1 action(s): [CompleteOrchestration#1]" app_id=parking-api instance=6c289f7a188b scope=wfengine.backend type=log ver=1.12.2
time="2023-11-29T19:31:37.183520303Z" level=info msg="2a918567: 'ResidentialValetParkingWorkflow' completed with a FAILED status." app_id=parking-api instance=6c289f7a188b scope=wfengine.backend type=log ver=1.12.2
time="2023-11-29T19:31:37.183619001Z" level=debug msg="orchestration-processor: work item processed successfully" app_id=parking-api instance=6c289f7a188b scope=wfengine.backend type=log ver=1.12.2
time="2023-11-29T19:31:37.183775519Z" level=debug msg="2a918567: saving 6 keys to actor state store" app_id=parking-api instance=6c289f7a188b scope=dapr.runtime.wfengine type=log ver=1.12.2
time="2023-11-29T19:31:37.184735778Z" level=debug msg="Reminder dapr.internal.default.parking-api.workflow||2a918567 was canceled by the actor" app_id=parking-api instance=6c289f7a188b scope=dapr.runtime.actor type=log ver=1.12.2
time="2023-11-29T19:31:37.184850056Z" level=debug msg="Found reminder with key: dapr.internal.default.parking-api.workflow||2a918567||new-event-2cca222e. Deleting reminder" app_id=parking-api instance=6c289f7a188b scope=dapr.runtime.actor.reminders type=log ver=1.12.2
time="2023-11-29T19:31:37.185270938Z" level=debug msg="Starting to read reminders for actor type dapr.internal.default.parking-api.workflow (migrate=false), with metadata id 00000000-0000-0000-0000-000000000000 and 0 partitions" app_id=parking-api instance=6c289f7a188b scope=dapr.runtime.actor.reminders type=log ver=1.12.2
time="2023-11-29T19:31:37.185648532Z" level=debug msg="Read reminders from actors||dapr.internal.default.parking-api.workflow without partition" app_id=parking-api instance=6c289f7a188b scope=dapr.runtime.actor.reminders type=log ver=1.12.2
time="2023-11-29T19:31:37.185726721Z" level=debug msg="Finished reading reminders for actor type dapr.internal.default.parking-api.workflow (migrate=false), with metadata id 00000000-0000-0000-0000-000000000000 and no partitions: total of 1 reminders" app_id=parking-api instance=6c289f7a188b scope=dapr.runtime.actor.reminders type=log ver=1.12.2
time="2023-11-29T19:31:37.488830095Z" level=debug msg="invoking method 'GetWorkflowMetadata' on workflow actor '2a918567'" app_id=parking-api instance=6c289f7a188b scope=dapr.runtime.wfengine type=log ver=1.12.2
time="2023-11-29T19:31:37.523470565Z" level=info msg="work item stream closed" app_id=parking-api instance=6c289f7a188b scope=dapr.runtime.wfengine type=log ver=1.12.2
time="2023-11-29T19:31:37.548347385Z" level=debug msg="skipping status check due to error parsing result from pub/sub event ffbdc9ab-47f8-4cba-9814-b5059adb4ea4: EOF" app_id=parking-api instance=6c289f7a188b scope=dapr.runtime.processor.pubsub type=log ver=1.12.2
time="2023-11-29T19:31:37.548576912Z" level=debug msg="rabbitmq pub/sub: acking message '' from topic 'ParkingServiceRequestSubmittedIntegrationEvent'" app_id=parking-api component="sx-pubsub (pubsub.rabbitmq/v1)" instance=6c289f7a188b scope=dapr.contrib type=log ver=1.12.2
time="2023-11-29T19:31:38.117090524Z" level=debug msg="Refreshing all mDNS addresses." app_id=parking-api component="mdns (nameResolution/v1)" instance=6c289f7a188b scope=dapr.contrib type=log ver=1.12.2
time="2023-11-29T19:31:38.118290081Z" level=debug msg="no mDNS apps to refresh." app_id=parking-api component="mdns (nameResolution/v1)" instance=6c289f7a188b scope=dapr.contrib type=log ver=1.12.2
time="2023-11-29T19:32:08.11544751Z" level=debug msg="Refreshing all mDNS addresses." app_id=parking-api component="mdns (nameResolution/v1)" instance=6c289f7a188b scope=dapr.contrib type=log ver=1.12.2
time="2023-11-29T19:32:08.115502755Z" level=debug msg="no mDNS apps to refresh." app_id=parking-api component="mdns (nameResolution/v1)" instance=6c289f7a188b scope=dapr.contrib type=log ver=1.12.2
time="2023-11-29T19:32:38.115407989Z" level=debug msg="Refreshing all mDNS addresses." app_id=parking-api component="mdns (nameResolution/v1)" instance=6c289f7a188b scope=dapr.contrib type=log ver=1.12.2
time="2023-11-29T19:32:38.115630223Z" level=debug msg="no mDNS apps to refresh." app_id=parking-api component="mdns (nameResolution/v1)" instance=6c289f7a188b scope=dapr.contrib type=log ver=1.12.2
time="2023-11-29T19:33:04.397636917Z" level=debug msg="deactivating workflow actor '2a918567'" app_id=parking-api instance=6c289f7a188b scope=dapr.runtime.wfengine type=log ver=1.12.2
time="2023-11-29T19:33:04.3979643Z" level=debug msg="Deactivated actor type=dapr.internal.default.parking-api.workflow, id=2a918567" app_id=parking-api instance=6c289f7a188b scope=dapr.runtime.actor type=log ver=1.12.2
time="2023-11-29T19:33:04.397685279Z" level=debug msg="Deactivating activity actor '2a918567::0::1'" app_id=parking-api instance=6c289f7a188b scope=dapr.runtime.wfengine type=log ver=1.12.2
time="2023-11-29T19:33:04.398416596Z" level=debug msg="Deactivated actor type=dapr.internal.default.parking-api.activity, id=2a918567::0::1" app_id=parking-api instance=6c289f7a188b scope=dapr.runtime.actor type=log ver=1.12.2
time="2023-11-29T19:33:08.116472123Z" level=debug msg="Refreshing all mDNS addresses." app_id=parking-api component="mdns (nameResolution/v1)" instance=6c289f7a188b scope=dapr.contrib type=log ver=1.12.2
time="2023-11-29T19:33:08.116600577Z" level=debug msg="no mDNS apps to refresh." app_id=parking-api component="mdns (nameResolution/v1)" instance=6c289f7a188b scope=dapr.contrib type=log ver=1.12.2
